<?xml version="1.0" encoding="UTF-8"?>
<!-- Generated by org.testng.reporters.JUnitReportReporter -->
<testsuite hostname="LAPTOP-LP35I31E" failures="0" tests="2" name="testng_prc.TestngPRC" time="0.003" errors="0" timestamp="2024-05-05T18:53:26 IST" skipped="0">
  <testcase classname="testng_prc.TestngPRC" name="mul" time="0.001"/>
  <system-out/>
  <testcase classname="testng_prc.TestngPRC" name="sub" time="0.002"/>
  <system-out/>
</testsuite> <!-- testng_prc.TestngPRC -->
