<?xml version="1.0" encoding="UTF-8"?>
<!-- Generated by org.testng.reporters.JUnitReportReporter -->
<testsuite hostname="LAPTOP-LP35I31E" failures="0" tests="1" name="testng_prc.Parameters" time="0.009" errors="0" timestamp="2024-05-08T01:00:18 IST" skipped="0">
  <testcase classname="testng_prc.Parameters" name="empcreation" time="0.009"/>
  <system-out/>
</testsuite> <!-- testng_prc.Parameters -->
