<?xml version="1.0" encoding="UTF-8"?>
<!-- Generated by org.testng.reporters.JUnitReportReporter -->
<testsuite hostname="LAPTOP-LP35I31E" failures="0" tests="1" name="testng_prc.AssertPRC" time="0.005" errors="0" timestamp="2024-05-05T18:53:26 IST" skipped="0">
  <testcase classname="testng_prc.AssertPRC" name="validation" time="0.005"/>
  <system-out/>
</testsuite> <!-- testng_prc.AssertPRC -->
