<?xml version="1.0" encoding="UTF-8"?>
<!-- Generated by org.testng.reporters.JUnitReportReporter -->
<testsuite hostname="LAPTOP-LP35I31E" failures="0" tests="2" name="testng_prc.DriverFact" time="1.524" errors="0" timestamp="2024-05-08T01:32:03 IST" skipped="0">
  <testcase classname="testng_prc.DriverFact" name="Login" time="0.295"/>
  <system-out/>
  <testcase classname="testng_prc.DriverFact" name="click" time="1.229"/>
  <system-out/>
</testsuite> <!-- testng_prc.DriverFact -->
